  Source.c
C:\Users\marko\source\repos\SPA\String\Source.c(8,24): warning C4047: '!=': 'int' differs in levels of indirection from 'void *'
C:\Users\marko\source\repos\SPA\String\Source.c(10,11): warning C4244: 'return': conversion from '__int64' to 'int', possible loss of data
C:\Users\marko\source\repos\SPA\String\Source.c(14,19): warning C4047: '!=': 'int' differs in levels of indirection from 'void *'
C:\Users\marko\source\repos\SPA\String\Source.c(20,19): warning C4047: '!=': 'int' differs in levels of indirection from 'void *'
C:\Users\marko\source\repos\SPA\String\Source.c(21,17): warning C4047: '!=': 'int' differs in levels of indirection from 'void *'
C:\Users\marko\source\repos\SPA\String\Source.c(36,19): warning C4047: '!=': 'int' differs in levels of indirection from 'void *'
C:\Users\marko\source\repos\SPA\String\Source.c(67,9): warning C4477: 'printf' : format string '%i' requires an argument of type 'int', but variadic argument 1 has type '__int64'
C:\Users\marko\source\repos\SPA\String\Source.c(67,9): message : consider using '%lli' in the format string
C:\Users\marko\source\repos\SPA\String\Source.c(67,9): message : consider using '%Ii' in the format string
C:\Users\marko\source\repos\SPA\String\Source.c(67,9): message : consider using '%I64i' in the format string
C:\Users\marko\source\repos\SPA\String\Source.c(68,9): warning C4477: 'printf' : format string '%d' requires an argument of type 'int', but variadic argument 1 has type '__int64'
C:\Users\marko\source\repos\SPA\String\Source.c(68,9): message : consider using '%lld' in the format string
C:\Users\marko\source\repos\SPA\String\Source.c(68,9): message : consider using '%Id' in the format string
C:\Users\marko\source\repos\SPA\String\Source.c(68,9): message : consider using '%I64d' in the format string
C:\Users\marko\source\repos\SPA\String\Source.c(69,9): warning C4477: 'printf' : format string '%d' requires an argument of type 'int', but variadic argument 1 has type '__int64'
C:\Users\marko\source\repos\SPA\String\Source.c(69,9): message : consider using '%lld' in the format string
C:\Users\marko\source\repos\SPA\String\Source.c(69,9): message : consider using '%Id' in the format string
C:\Users\marko\source\repos\SPA\String\Source.c(69,9): message : consider using '%I64d' in the format string
C:\Users\marko\source\repos\SPA\String\Source.c(70,9): warning C4477: 'printf' : format string '%d' requires an argument of type 'int', but variadic argument 1 has type '__int64'
C:\Users\marko\source\repos\SPA\String\Source.c(70,9): message : consider using '%lld' in the format string
C:\Users\marko\source\repos\SPA\String\Source.c(70,9): message : consider using '%Id' in the format string
C:\Users\marko\source\repos\SPA\String\Source.c(70,9): message : consider using '%I64d' in the format string
C:\Users\marko\source\repos\SPA\String\Source.c(71,9): warning C4477: 'printf' : format string '%d' requires an argument of type 'int', but variadic argument 1 has type '__int64'
C:\Users\marko\source\repos\SPA\String\Source.c(71,9): message : consider using '%lld' in the format string
C:\Users\marko\source\repos\SPA\String\Source.c(71,9): message : consider using '%Id' in the format string
C:\Users\marko\source\repos\SPA\String\Source.c(71,9): message : consider using '%I64d' in the format string
  String.vcxproj -> C:\Users\marko\source\repos\SPA\x64\Debug\String.exe
